[www.tutorialspoint.com/mysql/index.html]
[backblue.gif]
[fade.gif]
[index.html]
[www.tutorialspoint.com/favicon.ico]
[cdn.tutorialspoint.com/theme/css/fonts/font-awesome/css/font-awesome.css]
[cdn.tutorialspoint.com/theme/css/custom-mini.css]
[cdn.tutorialspoint.com/theme/js/jquery.js]
[cdn.tutorialspoint.com/theme/prettify.js]
[cdn.tutorialspoint.com/theme/vendor/modernizr.js]
[www.tutorialspoint.com/images/pattern.png]
[cdn.tutorialspoint.com/images/loading-cg.gif]
[www.tutorialspoint.com/mysql/images/logo.png]
[www.tutorialspoint.com/images/free-training.png]
[www.tutorialspoint.com/mysql/images/mysql-mini-logo.jpg]
[www.tutorialspoint.com/mysql/mysql-introduction.html]
[www.tutorialspoint.com/mysql/mysql-installation.html]
[www.tutorialspoint.com/mysql/mysql-administration.html]
[www.tutorialspoint.com/mysql/mysql-php-syntax.html]
[www.tutorialspoint.com/mysql/mysql-connection.html]
[www.tutorialspoint.com/mysql/mysql-create-database.html]
[www.tutorialspoint.com/mysql/mysql-drop-database.html]
[www.tutorialspoint.com/mysql/mysql-select-database.html]
[www.tutorialspoint.com/mysql/mysql-data-types.html]
[www.tutorialspoint.com/mysql/mysql-create-tables.html]
[www.tutorialspoint.com/mysql/mysql-drop-tables.html]
[www.tutorialspoint.com/mysql/mysql-insert-query.html]
[www.tutorialspoint.com/mysql/mysql-select-query.html]
[www.tutorialspoint.com/mysql/mysql-where-clause.html]
[www.tutorialspoint.com/mysql/mysql-update-query.html]
[www.tutorialspoint.com/mysql/mysql-delete-query.html]
[www.tutorialspoint.com/mysql/mysql-like-clause.html]
[www.tutorialspoint.com/mysql/mysql-sorting-results.html]
[www.tutorialspoint.com/mysql/mysql-using-joins.html]
[www.tutorialspoint.com/mysql/mysql-null-values.html]
[www.tutorialspoint.com/mysql/mysql-regexps.html]
[www.tutorialspoint.com/mysql/mysql-transactions.html]
[www.tutorialspoint.com/mysql/mysql-alter-command.html]
[www.tutorialspoint.com/mysql/mysql-indexes.html]
[www.tutorialspoint.com/mysql/mysql-temporary-tables.html]
[www.tutorialspoint.com/mysql/mysql-clone-tables.html]
[www.tutorialspoint.com/mysql/mysql-database-info.html]
[www.tutorialspoint.com/mysql/mysql-using-sequences.html]
[www.tutorialspoint.com/mysql/mysql-handling-duplicates.html]
[www.tutorialspoint.com/mysql/mysql-sql-injection.html]
[www.tutorialspoint.com/mysql/mysql-database-export.html]
[www.tutorialspoint.com/mysql/mysql-database-import.html]
[www.tutorialspoint.com/mysql/mysql-useful-functions.html]
[www.tutorialspoint.com/mysql/mysql-quick-guide.html]
[www.tutorialspoint.com/mysql/mysql-useful-resources.html]
[www.tutorialspoint.com/mysql/mysql-discussion.html]
[www.tutorialspoint.com/mysql/images/mysql.jpg]
[www.tutorialspoint.com/mysql/mysql_pdf_version.html]
[pagead2.googlesyndication.com/pagead/f.txt]
[cdn.tutorialspoint.com/images/apple_store.png]
[cdn.tutorialspoint.com/images/google_play.png]
[cdn.tutorialspoint.com/images/windows_store.png]
[cdn.tutorialspoint.com/scripts/img/logo-footer.png]
[cdn.tutorialspoint.com/theme/js/custom-mini.js]
[www.tutorialspoint.com/mysql/index.html]
[s7.addthis.com/js/300/addthis_widget.js]
[www.google-analytics.com/urchin.js]
[fonts.googleapis.com/cssf1e9.css]
[www.tutorialspoint.com/mysql/mysql-introduction.html]
[www.tutorialspoint.com/mysql/mysql-installation.html]
[www.tutorialspoint.com/mysql/mysql-administration.html]
[www.tutorialspoint.com/mysql/mysql-php-syntax.html]
[www.tutorialspoint.com/mysql/mysql-connection.html]
[www.tutorialspoint.com/mysql/mysql-create-database.html]
[www.tutorialspoint.com/mysql/mysql-drop-database.html]
[www.tutorialspoint.com/mysql/mysql-select-database.html]
[www.tutorialspoint.com/mysql/mysql-data-types.html]
[www.tutorialspoint.com/mysql/mysql-create-tables.html]
[www.tutorialspoint.com/mysql/mysql-drop-tables.html]
[www.tutorialspoint.com/mysql/mysql-insert-query.html]
[www.tutorialspoint.com/mysql/mysql-select-query.html]
[www.tutorialspoint.com/mysql/mysql-where-clause.html]
[www.tutorialspoint.com/mysql/mysql-update-query.html]
[www.tutorialspoint.com/mysql/mysql-delete-query.html]
[www.tutorialspoint.com/mysql/mysql-like-clause.html]
[www.tutorialspoint.com/mysql/mysql-sorting-results.html]
[www.tutorialspoint.com/mysql/mysql-using-joins.html]
[www.tutorialspoint.com/mysql/mysql-null-values.html]
[www.tutorialspoint.com/mysql/mysql-regexps.html]
[www.tutorialspoint.com/mysql/mysql-transactions.html]
[www.tutorialspoint.com/mysql/mysql-alter-command.html]
[www.tutorialspoint.com/mysql/mysql-indexes.html]
[www.tutorialspoint.com/mysql/mysql-temporary-tables.html]
[www.tutorialspoint.com/mysql/mysql-clone-tables.html]
[www.tutorialspoint.com/mysql/mysql-database-info.html]
[www.tutorialspoint.com/mysql/mysql-using-sequences.html]
[www.tutorialspoint.com/mysql/mysql-handling-duplicates.html]
[www.tutorialspoint.com/mysql/mysql-sql-injection.html]
[www.tutorialspoint.com/mysql/mysql-database-export.html]
[www.tutorialspoint.com/mysql/mysql-database-import.html]
[www.tutorialspoint.com/mysql/mysql-group-by-clause.html]
[www.tutorialspoint.com/mysql/mysql-in-clause.html]
[www.tutorialspoint.com/mysql/mysql-between-clause.html]
[www.tutorialspoint.com/mysql/mysql-union-keyword.html]
[www.tutorialspoint.com/mysql/mysql-count-function.html]
[www.tutorialspoint.com/mysql/mysql-max-function.html]
[www.tutorialspoint.com/mysql/mysql-min-function.html]
[www.tutorialspoint.com/mysql/mysql-avg-function.html]
[www.tutorialspoint.com/mysql/mysql-sum-function.html]
[www.tutorialspoint.com/mysql/mysql-sqrt-function.html]
[www.tutorialspoint.com/mysql/mysql-rand-function.html]
[www.tutorialspoint.com/mysql/mysql-concat-function.html]
[www.tutorialspoint.com/mysql/mysql-date-time-functions.html]
[www.tutorialspoint.com/mysql/mysql-numeric-functions.html]
[www.tutorialspoint.com/mysql/mysql-useful-functions.html]
[www.tutorialspoint.com/mysql/mysql-quick-guide.html]
[www.tutorialspoint.com/mysql/mysql-string-functions.html]
[ecx.images-amazon.com/images/I/51C+dX57waL.jpg]
[ecx.images-amazon.com/images/I/41ePjNTFnWL.jpg]
[ecx.images-amazon.com/images/I/51+fhSHISAL.jpg]
[ecx.images-amazon.com/images/I/51BkLOh5DmL.jpg]
[ecx.images-amazon.com/images/I/51mNq9PeUSL.jpg]
[www.tutorialspoint.com/mysql/mysql-useful-resources.html]
[ecx.images-amazon.com/images/I/41voDxJS62L.jpg]
[www.tutorialspoint.com/mysql/mysql-discussion.html]
[connect.facebook.net/en_US/sdk.js]
[www.paypalobjects.com/en_GB/i/btn/btn_buynowCC_LG.gif]
[www.paypalobjects.com/en_GB/i/scr/pixel.gif]
[www.tutorialspoint.com/mysql/mysql_tutorial.pdf]
[www.tutorialspoint.com/mysql/mysql_pdf_version.html]
[www.tutorialspoint.com/mysql/mysql-group-by-clause.html]
[www.tutorialspoint.com/mysql/mysql-in-clause.html]
[www.tutorialspoint.com/mysql/mysql-between-clause.html]
[www.tutorialspoint.com/mysql/mysql-union-keyword.html]
[www.tutorialspoint.com/mysql/mysql-count-function.html]
[www.tutorialspoint.com/mysql/mysql-max-function.html]
[www.tutorialspoint.com/mysql/mysql-min-function.html]
[www.tutorialspoint.com/mysql/mysql-avg-function.html]
[www.tutorialspoint.com/mysql/mysql-sum-function.html]
[www.tutorialspoint.com/mysql/mysql-sqrt-function.html]
[www.tutorialspoint.com/mysql/mysql-rand-function.html]
[www.tutorialspoint.com/mysql/mysql-concat-function.html]
[www.tutorialspoint.com/mysql/mysql-date-time-functions.html]
[www.tutorialspoint.com/mysql/mysql-numeric-functions.html]
[www.tutorialspoint.com/mysql/mysql-string-functions.html]
[www.tutorialspoint.com/mysql/images/pdf.jpg]
[cdn.tutorialspoint.com/theme/vendor/modernizr.js]
[cdn.tutorialspoint.com/theme/prettify.js]
[cdn.tutorialspoint.com/theme/css/fonts/font-awesome/css/font-awesome.css]
[cdn.tutorialspoint.com/theme/js/jquery.js]
[cdn.tutorialspoint.com/images/loading-cg.gif]
[cdn.tutorialspoint.com/images/pattern.png]
[www.tutorialspoint.com/mysql/images/mysql-mini-logo.jpg]
[cdn.tutorialspoint.com/images/link-icon.png]
[cdn.tutorialspoint.com/images/loading.gif]
[cdn.tutorialspoint.com/images/absolute-classes.png]
[cdn.tutorialspoint.com/images/absolute-classes-h.png]
[cdn.tutorialspoint.com/images/tutor.png]
[www.tutorialspoint.com/mysql/images/mysql.jpg]
[cdn.tutorialspoint.com/images/tutor-h.png]
[cdn.tutorialspoint.com/images/hook.png]
[cdn.tutorialspoint.com/images/cdgrnd-sprite.jpg]
[cdn.tutorialspoint.com/theme/img/map-top.png]
[cdn.tutorialspoint.com/theme/css/fonts/font-awesome/fonts/fontawesome-webfont862f.svg]
[cdn.tutorialspoint.com/theme/img/map-bottom.png]
[cdn.tutorialspoint.com/theme/img/home-concept-item.png]
[cdn.tutorialspoint.com/theme/img/home-concept-icons.png]
[cdn.tutorialspoint.com/theme/img/social-sprites.png]
[cdn.tutorialspoint.com/images/link.png]
[cdn.tutorialspoint.com/images/hits.gif]
[cdn.tutorialspoint.com/images/list-icon.png]
[cdn.tutorialspoint.com/images/icon-bullet.png]
[cdn.tutorialspoint.com/images/sprite.png]
[cdn.tutorialspoint.com/images/controls.png]
[cdn.tutorialspoint.com/theme/css/custom-mini.css]
[www.tutorialspoint.com/mysql/mysql-introduction.html]
[www.tutorialspoint.com/mysql/mysql_pdf_version.html]
[cdn.tutorialspoint.com/images/apple_store.png]
[ecx.images-amazon.com/images/I/51C+dX57waL.jpg]
[www.tutorialspoint.com/mysql/mysql-group-by-clause.html]
[s7.addthis.com/js/300/addthis_widget.js]
[www.tutorialspoint.com/mysql/%s/profile.6b4d6d.delayed]
[www.tutorialspoint.com/mysql/images/pdf.jpg]
[connect.facebook.net/en_US/sdk.js]
[cdn.tutorialspoint.com/images/pattern.png]
[cdn.tutorialspoint.com/images/link-icon.png]
[cdn.tutorialspoint.com/images/loading.gif]
[cdn.tutorialspoint.com/images/absolute-classes.png]
[cdn.tutorialspoint.com/images/tutor.png]
[cdn.tutorialspoint.com/images/tutor-h.png]
[cdn.tutorialspoint.com/images/hook.png]
[cdn.tutorialspoint.com/images/cdgrnd-sprite.jpg]
[cdn.tutorialspoint.com/theme/img/map-top.png]
[cdn.tutorialspoint.com/theme/img/map-bottom.png]
[cdn.tutorialspoint.com/theme/img/home-concept-item.png]
[cdn.tutorialspoint.com/theme/img/home-concept-icons.png]
[www.paypalobjects.com/en_GB/i/btn/btn_buynowCC_LG.gif]
[cdn.tutorialspoint.com/theme/img/social-sprites.png]
[www.paypalobjects.com/en_GB/i/scr/pixel.gif]
[cdn.tutorialspoint.com/images/link.png]
[cdn.tutorialspoint.com/images/hits.gif]
[cdn.tutorialspoint.com/images/list-icon.png]
[cdn.tutorialspoint.com/images/icon-bullet.png]
[cdn.tutorialspoint.com/images/sprite.png]
[cdn.tutorialspoint.com/images/controls.png]
[www.tutorialspoint.com/mysql/ABCDEFGHIJKLMNOPQRSTUVWXYZabcdefghijklmnopqrstuvwxyz0123456789+/index.html]
[www.tutorialspoint.com/mysql/dialog/index.html]
[cdn.tutorialspoint.com/theme/css/fonts/font-awesome/fonts/fontawesome-webfont862f.svg]
[www.tutorialspoint.com/mysql/ABCDEFGHIJKLMNOPQRSTUVWXYZabcdefghijklmnopqrstuvwxyz0123456789+/index.html]
[www.tutorialspoint.com/mysql/dialog/index.html]
[www.tutorialspoint.com/mysql/%s/profile4d6d.html]
[cdn.tutorialspoint.com/theme/img/home-concept.png]
