[www.pasteur.fr/formation/infobio/python/index.html]
[backblue.gif]
[fade.gif]
[index.html]
[www.pasteur.fr/formation/infobio/python/index-2.html]
[www.pasteur.fr/formation/infobio/python/ch01.html]
[www.pasteur.fr/formation/infobio/python/images/next.png]
[www.pasteur.fr/formation/infobio/python/support.pdf]
[www.pasteur.fr/formation/infobio/python/ch01s02.html]
[www.pasteur.fr/formation/infobio/python/ch01s03.html]
[www.pasteur.fr/formation/infobio/python/ch02.html]
[www.pasteur.fr/formation/infobio/python/ch02s02.html]
[www.pasteur.fr/formation/infobio/python/ch02s03.html]
[www.pasteur.fr/formation/infobio/python/ch02s04.html]
[www.pasteur.fr/formation/infobio/python/ch02s05.html]
[www.pasteur.fr/formation/infobio/python/ch03.html]
[www.pasteur.fr/formation/infobio/python/ch03s02.html]
[www.pasteur.fr/formation/infobio/python/ch03s03.html]
[www.pasteur.fr/formation/infobio/python/ch03s04.html]
[www.pasteur.fr/formation/infobio/python/ch03s05.html]
[www.pasteur.fr/formation/infobio/python/ch03s06.html]
[www.pasteur.fr/formation/infobio/python/ch03s07.html]
[www.pasteur.fr/formation/infobio/python/ch04.html]
[www.pasteur.fr/formation/infobio/python/ch04s02.html]
[www.pasteur.fr/formation/infobio/python/ch04s03.html]
[www.pasteur.fr/formation/infobio/python/ch04s04.html]
[www.pasteur.fr/formation/infobio/python/ch05.html]
[www.pasteur.fr/formation/infobio/python/ch05s02.html]
[www.pasteur.fr/formation/infobio/python/ch06.html]
[www.pasteur.fr/formation/infobio/python/ch07.html]
[www.pasteur.fr/formation/infobio/python/ch07s02.html]
[www.pasteur.fr/formation/infobio/python/ch07s03.html]
[www.pasteur.fr/formation/infobio/python/ch07s04.html]
[www.pasteur.fr/formation/infobio/python/ch07s05.html]
[www.pasteur.fr/formation/infobio/python/ch07s06.html]
[www.pasteur.fr/formation/infobio/python/ch07s07.html]
[www.pasteur.fr/formation/infobio/python/ch08.html]
[www.pasteur.fr/formation/infobio/python/ch08s02.html]
[www.pasteur.fr/formation/infobio/python/ch08s03.html]
[www.pasteur.fr/formation/infobio/python/ch08s04.html]
[www.pasteur.fr/formation/infobio/python/ch09.html]
[www.pasteur.fr/formation/infobio/python/ch09s02.html]
[www.pasteur.fr/formation/infobio/python/ch09s03.html]
[www.pasteur.fr/formation/infobio/python/ch09s04.html]
[www.pasteur.fr/formation/infobio/python/ch10.html]
[www.pasteur.fr/formation/infobio/python/ch10s02.html]
[www.pasteur.fr/formation/infobio/python/ch10s03.html]
[www.pasteur.fr/formation/infobio/python/ch10s04.html]
[www.pasteur.fr/formation/infobio/python/ch11.html]
[www.pasteur.fr/formation/infobio/python/ch11s02.html]
[www.pasteur.fr/formation/infobio/python/ch11s03.html]
[www.pasteur.fr/formation/infobio/python/ch11s04.html]
[www.pasteur.fr/formation/infobio/python/ch11s05.html]
[www.pasteur.fr/formation/infobio/python/ch11s06.html]
[www.pasteur.fr/formation/infobio/python/ch11s07.html]
[www.pasteur.fr/formation/infobio/python/ch12.html]
[www.pasteur.fr/formation/infobio/python/ch12s02.html]
[www.pasteur.fr/formation/infobio/python/ch12s03.html]
[www.pasteur.fr/formation/infobio/python/ch12s04.html]
[www.pasteur.fr/formation/infobio/python/ch13.html]
[www.pasteur.fr/formation/infobio/python/ch13s02.html]
[www.pasteur.fr/formation/infobio/python/ch13s03.html]
[www.pasteur.fr/formation/infobio/python/ch13s04.html]
[www.pasteur.fr/formation/infobio/python/ch13s05.html]
[www.pasteur.fr/formation/infobio/python/ch14.html]
[www.pasteur.fr/formation/infobio/python/ch14s02.html]
[www.pasteur.fr/formation/infobio/python/ch14s03.html]
[www.pasteur.fr/formation/infobio/python/ch14s04.html]
[www.pasteur.fr/formation/infobio/python/ch15.html]
[www.pasteur.fr/formation/infobio/python/ch15s02.html]
[www.pasteur.fr/formation/infobio/python/ch15s03.html]
[www.pasteur.fr/formation/infobio/python/ch15s04.html]
[www.pasteur.fr/formation/infobio/python/ch16.html]
[www.pasteur.fr/formation/infobio/python/ch16s02.html]
[www.pasteur.fr/formation/infobio/python/ch16s03.html]
[www.pasteur.fr/formation/infobio/python/ch16s04.html]
[www.pasteur.fr/formation/infobio/python/ch16s05.html]
[www.pasteur.fr/formation/infobio/python/ch17.html]
[www.pasteur.fr/formation/infobio/python/ch17s02.html]
[www.pasteur.fr/formation/infobio/python/ch17s03.html]
[www.pasteur.fr/formation/infobio/python/ch17s04.html]
[www.pasteur.fr/formation/infobio/python/ch17s05.html]
[www.pasteur.fr/formation/infobio/python/ch18.html]
[www.pasteur.fr/formation/infobio/python/ch18s02.html]
[www.pasteur.fr/formation/infobio/python/ch18s03.html]
[www.pasteur.fr/formation/infobio/python/ch18s04.html]
[www.pasteur.fr/formation/infobio/python/ch18s05.html]
[www.pasteur.fr/formation/infobio/python/ch18s06.html]
[www.pasteur.fr/formation/infobio/python/ch19.html]
[www.pasteur.fr/formation/infobio/python/ch19s02.html]
[www.pasteur.fr/formation/infobio/python/ch19s03.html]
[www.pasteur.fr/formation/infobio/python/ch19s04.html]
[www.pasteur.fr/formation/infobio/python/ch19s05.html]
[www.pasteur.fr/formation/infobio/python/ch19s06.html]
[www.pasteur.fr/formation/infobio/python/ch19s07.html]
[www.pasteur.fr/formation/infobio/python/bi01.html]
[www.pasteur.fr/formation/infobio/python/index.html]
[www.pasteur.fr/formation/infobio/python/index-2.html]
[www.pasteur.fr/formation/infobio/python/images/prev.png]
[www.pasteur.fr/formation/infobio/python/images/up.png]
[www.pasteur.fr/formation/infobio/python/images/home.png]
[www.pasteur.fr/formation/infobio/python/ch01.html]
[www.pasteur.fr/formation/infobio/python/ch01s02.html]
[www.pasteur.fr/formation/infobio/python/images/diagram-light.png]
[www.pasteur.fr/formation/infobio/python/ch01s03.html]
[www.pasteur.fr/formation/infobio/python/images/definition.png]
[www.pasteur.fr/formation/infobio/python/ch02.html]
[www.pasteur.fr/formation/infobio/python/images/caution.png]
[www.pasteur.fr/formation/infobio/python/ch02s02.html]
[www.pasteur.fr/formation/infobio/python/images/important.png]
[www.pasteur.fr/formation/infobio/python/ch02s03.html]
[www.pasteur.fr/formation/infobio/python/images/glob_env.png]
[www.pasteur.fr/formation/infobio/python/ch02s04.html]
[www.pasteur.fr/formation/infobio/python/images/glob_env_reaffect.png]
[www.pasteur.fr/formation/infobio/python/images/note.png]
[www.pasteur.fr/formation/infobio/python/ch02s05.html]
[www.pasteur.fr/formation/infobio/python/ch03.html]
[www.pasteur.fr/formation/infobio/python/ch03s02.html]
[www.pasteur.fr/formation/infobio/python/images/callouts/1.png]
[www.pasteur.fr/formation/infobio/python/ch03s03.html]
[www.pasteur.fr/formation/infobio/python/ch03s04.html]
[www.pasteur.fr/formation/infobio/python/ch03s05.html]
[www.pasteur.fr/formation/infobio/python/ch03s06.html]
[www.pasteur.fr/formation/infobio/python/images/expr_tree.png]
[www.pasteur.fr/formation/infobio/python/images/exercise.png]
[www.pasteur.fr/formation/infobio/python/ch03s07.html]
[www.pasteur.fr/formation/infobio/python/ch04.html]
[www.pasteur.fr/formation/infobio/python/images/string_format_2.png]
[www.pasteur.fr/formation/infobio/python/ch04s02.html]
[www.pasteur.fr/formation/infobio/python/ch04s03.html]
[www.pasteur.fr/formation/infobio/python/ch04s04.html]
[www.pasteur.fr/formation/infobio/python/images/tip.png]
[www.pasteur.fr/formation/infobio/python/ch05.html]
[www.pasteur.fr/formation/infobio/python/images/compiler_interpreter.png]
[www.pasteur.fr/formation/infobio/python/images/bytecode.png]
[www.pasteur.fr/formation/infobio/python/ch05s02.html]
[www.pasteur.fr/formation/infobio/python/images/string_index_2.png]
[www.pasteur.fr/formation/infobio/python/images/warning.png]
[www.pasteur.fr/formation/infobio/python/images/unicode.png]
[www.pasteur.fr/formation/infobio/python/ch06.html]
[www.pasteur.fr/formation/infobio/python/images/if_flow.png]
[www.pasteur.fr/formation/infobio/python/images/if_statement.png]
[www.pasteur.fr/formation/infobio/python/images/block_if.png]
[www.pasteur.fr/formation/infobio/python/ch07.html]
[www.pasteur.fr/formation/infobio/python/ch07s02.html]
[www.pasteur.fr/formation/infobio/python/ch07s03.html]
[www.pasteur.fr/formation/infobio/python/images/if_else_statement.png]
[www.pasteur.fr/formation/infobio/python/ch07s04.html]
[www.pasteur.fr/formation/infobio/python/images/elif_statement.png]
[www.pasteur.fr/formation/infobio/python/ch07s05.html]
[www.pasteur.fr/formation/infobio/python/images/nested_if.png]
[www.pasteur.fr/formation/infobio/python/ch07s06.html]
[www.pasteur.fr/formation/infobio/python/images/elif_exo.png]
[www.pasteur.fr/formation/infobio/python/ch07s07.html]
[www.pasteur.fr/formation/infobio/python/images/def_func.png]
[www.pasteur.fr/formation/infobio/python/images/def_func_block.png]
[www.pasteur.fr/formation/infobio/python/ch08.html]
[www.pasteur.fr/formation/infobio/python/images/stack_gc.png]
[www.pasteur.fr/formation/infobio/python/ch08s02.html]
[www.pasteur.fr/formation/infobio/python/ch08s03.html]
[www.pasteur.fr/formation/infobio/python/ch08s04.html]
[www.pasteur.fr/formation/infobio/python/images/tab_collection.png]
[www.pasteur.fr/formation/infobio/python/ch09.html]
[www.pasteur.fr/formation/infobio/python/ch09s02.html]
[www.pasteur.fr/formation/infobio/python/ch09s03.html]
[www.pasteur.fr/formation/infobio/python/ch09s04.html]
[www.pasteur.fr/formation/infobio/python/images/nested.png]
[www.pasteur.fr/formation/infobio/python/images/nested_access.png]
[www.pasteur.fr/formation/infobio/python/images/nested_dict.png]
[www.pasteur.fr/formation/infobio/python/ch10.html]
[www.pasteur.fr/formation/infobio/python/images/comp_list.png]
[www.pasteur.fr/formation/infobio/python/ch10s02.html]
[www.pasteur.fr/formation/infobio/python/images/copy_nested.png]
[www.pasteur.fr/formation/infobio/python/ch10s03.html]
[www.pasteur.fr/formation/infobio/python/images/mod_nested.png]
[www.pasteur.fr/formation/infobio/python/ch10s04.html]
[www.pasteur.fr/formation/infobio/python/ch11.html]
[www.pasteur.fr/formation/infobio/python/images/for_statement.png]
[www.pasteur.fr/formation/infobio/python/ch11s02.html]
[www.pasteur.fr/formation/infobio/python/images/while_flow.png]
[www.pasteur.fr/formation/infobio/python/images/while_statement.png]
[www.pasteur.fr/formation/infobio/python/ch11s03.html]
[www.pasteur.fr/formation/infobio/python/ch11s04.html]
[www.pasteur.fr/formation/infobio/python/ch11s05.html]
[www.pasteur.fr/formation/infobio/python/images/func_as_arg.png]
[www.pasteur.fr/formation/infobio/python/ch11s06.html]
[www.pasteur.fr/formation/infobio/python/ch11s07.html]
[www.pasteur.fr/formation/infobio/python/ch12.html]
[www.pasteur.fr/formation/infobio/python/images/exceptions.png]
[www.pasteur.fr/formation/infobio/python/ch12s02.html]
[www.pasteur.fr/formation/infobio/python/ch12s03.html]
[www.pasteur.fr/formation/infobio/python/images/goto.png]
[www.pasteur.fr/formation/infobio/python/ch12s04.html]
[www.pasteur.fr/formation/infobio/python/ch13.html]
[www.pasteur.fr/formation/infobio/python/ch13s02.html]
[www.pasteur.fr/formation/infobio/python/ch13s03.html]
[www.pasteur.fr/formation/infobio/python/ch13s04.html]
[www.pasteur.fr/formation/infobio/python/ch13s05.html]
[www.pasteur.fr/formation/infobio/python/images/module_ns.png]
[www.pasteur.fr/formation/infobio/python/images/module_comp.png]
[www.pasteur.fr/formation/infobio/python/ch14.html]
[www.pasteur.fr/formation/infobio/python/ch14s02.html]
[www.pasteur.fr/formation/infobio/python/ch14s03.html]
[www.pasteur.fr/formation/infobio/python/ch14s04.html]
[www.pasteur.fr/formation/infobio/python/ch15.html]
[www.pasteur.fr/formation/infobio/python/images/stack_recursive.png]
[www.pasteur.fr/formation/infobio/python/ch15s02.html]
[www.pasteur.fr/formation/infobio/python/images/stack_rec_fact.png]
[www.pasteur.fr/formation/infobio/python/images/tree.png]
[www.pasteur.fr/formation/infobio/python/images/tree_rep.png]
[www.pasteur.fr/formation/infobio/python/ch15s03.html]
[www.pasteur.fr/formation/infobio/python/ch15s04.html]
[www.pasteur.fr/formation/infobio/python/ch16.html]
[www.pasteur.fr/formation/infobio/python/ch16s02.html]
[www.pasteur.fr/formation/infobio/python/ch16s03.html]
[www.pasteur.fr/formation/infobio/python/images/flow_file.png]
[www.pasteur.fr/formation/infobio/python/ch16s04.html]
[www.pasteur.fr/formation/infobio/python/ch16s05.html]
[www.pasteur.fr/formation/infobio/python/ch17.html]
[www.pasteur.fr/formation/infobio/python/images/callouts/2.png]
[www.pasteur.fr/formation/infobio/python/images/callouts/3.png]
[www.pasteur.fr/formation/infobio/python/images/callouts/4.png]
[www.pasteur.fr/formation/infobio/python/images/callouts/5.png]
[www.pasteur.fr/formation/infobio/python/ch17s02.html]
[www.pasteur.fr/formation/infobio/python/ch17s03.html]
[www.pasteur.fr/formation/infobio/python/images/parsing_manual.png]
[www.pasteur.fr/formation/infobio/python/images/parsing_event.png]
[www.pasteur.fr/formation/infobio/python/images/parsing_deco_grammar.png]
[www.pasteur.fr/formation/infobio/python/images/parsing_doc.png]
[www.pasteur.fr/formation/infobio/python/ch17s04.html]
[www.pasteur.fr/formation/infobio/python/images/regexp_system.png]
[www.pasteur.fr/formation/infobio/python/images/regexp_python.png]
[www.pasteur.fr/formation/infobio/python/images/regexp_python_sum.png]
[www.pasteur.fr/formation/infobio/python/ch17s05.html]
[www.pasteur.fr/formation/infobio/python/ch18.html]
[www.pasteur.fr/formation/infobio/python/images/object_repr_seq.png]
[www.pasteur.fr/formation/infobio/python/images/object_repr_mtd_seq.png]
[www.pasteur.fr/formation/infobio/python/ch18s02.html]
[www.pasteur.fr/formation/infobio/python/ch18s03.html]
[www.pasteur.fr/formation/infobio/python/images/object_repr_prot.png]
[www.pasteur.fr/formation/infobio/python/ch18s04.html]
[www.pasteur.fr/formation/infobio/python/images/object_repr_prot_dna.png]
[www.pasteur.fr/formation/infobio/python/images/class_inst_ns_dna.png]
[www.pasteur.fr/formation/infobio/python/images/class_inst_ns_prot.png]
[www.pasteur.fr/formation/infobio/python/images/bound_method_dna.png]
[www.pasteur.fr/formation/infobio/python/images/types_class_obj_dna.png]
[www.pasteur.fr/formation/infobio/python/ch18s05.html]
[www.pasteur.fr/formation/infobio/python/ch18s06.html]
[www.pasteur.fr/formation/infobio/python/ch19.html]
[www.pasteur.fr/formation/infobio/python/images/comp_lang.png]
[www.pasteur.fr/formation/infobio/python/ch19s02.html]
[www.pasteur.fr/formation/infobio/python/images/stack.png]
[www.pasteur.fr/formation/infobio/python/ch19s03.html]
[www.pasteur.fr/formation/infobio/python/images/dyn_bind1.png]
[www.pasteur.fr/formation/infobio/python/images/dyn_bind2.png]
[www.pasteur.fr/formation/infobio/python/images/uml_inh.png]
[www.pasteur.fr/formation/infobio/python/images/mult_inh.png]
[www.pasteur.fr/formation/infobio/python/ch19s04.html]
[www.pasteur.fr/formation/infobio/python/images/callouts/6.png]
[www.pasteur.fr/formation/infobio/python/ch19s05.html]
[www.pasteur.fr/formation/infobio/python/images/delegate_dp.png]
[www.pasteur.fr/formation/infobio/python/images/tree_composite.png]
[www.pasteur.fr/formation/infobio/python/ch19s06.html]
[www.pasteur.fr/formation/infobio/python/ch19s07.html]
[www.pasteur.fr/formation/infobio/python/bi01.html]
